Using pre-set license
Built from '2020.3/staging' branch; Version is '2020.3.11f1 (99c7afb366b3) revision 10078127'; Using compiler version '192528614'; Build Type 'Release'
OS: 'Windows 10 Pro; OS build 19043.1706; Version 2009; 64bit' Language: 'tr' Physical Memory: 16336 MB
BatchMode: 1, IsHumanControllingUs: 0, StartBugReporterOnCrash: 0, Is64bit: 1, IsPro: 0

 COMMAND LINE ARGUMENTS:
D:\Unity\2020.3.11f1\Editor\Unity.exe
-adb2
-batchMode
-noUpm
-name
AssetImportWorker0
-projectPath
D:/unity projects/WallRunner
-logFile
Logs/AssetImportWorker0.log
-srvPort
64475
Successfully changed project path to: D:/unity projects/WallRunner
D:/unity projects/WallRunner
Using Asset Import Pipeline V2.
Refreshing native plugins compatible for Editor in 46.04 ms, found 2 plugins.
Preloading 0 native plugins for Editor in 0.00 ms.
Initialize engine version: 2020.3.11f1 (99c7afb366b3)
[Subsystems] Discovering subsystems at path D:/Unity/2020.3.11f1/Editor/Data/Resources/UnitySubsystems
[Subsystems] Discovering subsystems at path D:/unity projects/WallRunner/Assets
GfxDevice: creating device client; threaded=0
Direct3D:
    Version:  Direct3D 11.0 [level 11.1]
    Renderer: NVIDIA GeForce RTX 2060 SUPER (ID=0x1f06)
    Vendor:   
    VRAM:     8031 MB
    Driver:   30.0.15.1165
Initialize mono
Mono path[0] = 'D:/Unity/2020.3.11f1/Editor/Data/Managed'
Mono path[1] = 'D:/Unity/2020.3.11f1/Editor/Data/MonoBleedingEdge/lib/mono/unityjit'
Mono config path = 'D:/Unity/2020.3.11f1/Editor/Data/MonoBleedingEdge/etc'
Using monoOptions --debugger-agent=transport=dt_socket,embedding=1,server=y,suspend=n,address=127.0.0.1:56572
Begin MonoManager ReloadAssembly
Registering precompiled unity dll's ...
Register platform support module: D:/Unity/2020.3.11f1/Editor/Data/PlaybackEngines/WindowsStandaloneSupport/UnityEditor.WindowsStandalone.Extensions.dll
Registered in 0.000994 seconds.
Native extension for WindowsStandalone target not found
Refreshing native plugins compatible for Editor in 45.26 ms, found 2 plugins.
Preloading 0 native plugins for Editor in 0.00 ms.
Mono: successfully reloaded assembly
- Completed reload, in  0.960 seconds
Platform modules already initialized, skipping
Registering precompiled user dll's ...
Registered in 0.003234 seconds.
Begin MonoManager ReloadAssembly
Native extension for WindowsStandalone target not found
Refreshing native plugins compatible for Editor in 44.69 ms, found 2 plugins.
Preloading 0 native plugins for Editor in 0.00 ms.
Mono: successfully reloaded assembly
- Completed reload, in  0.939 seconds
Platform modules already initialized, skipping
========================================================================
Worker process is ready to serve import requests
Shader 'Universal Render Pipeline/Particles/Lit': fallback shader 'Universal Render Pipeline/Particles/SimpleLit' not found
Shader 'Universal Render Pipeline/Particles/Lit': fallback shader 'Universal Render Pipeline/Particles/SimpleLit' not found
Launched and connected shader compiler UnityShaderCompiler.exe after 0.04 seconds
Refreshing native plugins compatible for Editor in 0.54 ms, found 2 plugins.
Preloading 0 native plugins for Editor in 0.00 ms.
Unloading 2860 Unused Serialized files (Serialized files now loaded: 0)
System memory in use before: 129.5 MB.
System memory in use after: 126.8 MB.

Unloading 55 unused Assets to reduce memory usage. Loaded Objects now: 3263.
Total: 3.151900 ms (FindLiveObjects: 0.275500 ms CreateObjectMapping: 0.073700 ms MarkObjects: 1.735300 ms  DeleteObjects: 1.066400 ms)

========================================================================
Received Import Request.
  path: Assets/Scenes/tetetetet.unity
  artifactKey: Guid(b27e0e6406a0d8543914a8f1df575c95) Importer(815301076,1909f56bfc062723c751e8b465ee728b)
Start importing Assets/Scenes/tetetetet.unity using Guid(b27e0e6406a0d8543914a8f1df575c95) Importer(815301076,1909f56bfc062723c751e8b465ee728b)  -> (artifact id: '439b08163a91ec145fbdd79087e58154') in 0.020214 seconds
  Import took 0.024215 seconds .

========================================================================
Received Prepare
Registering precompiled user dll's ...
Registered in 0.003234 seconds.
Begin MonoManager ReloadAssembly
Native extension for WindowsStandalone target not found
Refreshing native plugins compatible for Editor in 0.53 ms, found 2 plugins.
Preloading 0 native plugins for Editor in 0.00 ms.
Mono: successfully reloaded assembly
- Completed reload, in  0.835 seconds
Platform modules already initialized, skipping
Shader 'Universal Render Pipeline/Particles/Lit': fallback shader 'Universal Render Pipeline/Particles/SimpleLit' not found
Shader 'Universal Render Pipeline/Particles/Lit': fallback shader 'Universal Render Pipeline/Particles/SimpleLit' not found
Refreshing native plugins compatible for Editor in 0.50 ms, found 2 plugins.
Preloading 0 native plugins for Editor in 0.00 ms.
Unloading 2771 Unused Serialized files (Serialized files now loaded: 0)
System memory in use before: 124.6 MB.
System memory in use after: 121.9 MB.

Unloading 50 unused Assets to reduce memory usage. Loaded Objects now: 3266.
Total: 3.336100 ms (FindLiveObjects: 0.284700 ms CreateObjectMapping: 0.077400 ms MarkObjects: 1.827300 ms  DeleteObjects: 1.145100 ms)

========================================================================
Received Prepare
Registering precompiled user dll's ...
Registered in 0.003541 seconds.
Begin MonoManager ReloadAssembly
Native extension for WindowsStandalone target not found
Refreshing native plugins compatible for Editor in 0.53 ms, found 2 plugins.
Preloading 0 native plugins for Editor in 0.00 ms.
Mono: successfully reloaded assembly
- Completed reload, in  0.880 seconds
Platform modules already initialized, skipping
Shader 'Universal Render Pipeline/Particles/Lit': fallback shader 'Universal Render Pipeline/Particles/SimpleLit' not found
Shader 'Universal Render Pipeline/Particles/Lit': fallback shader 'Universal Render Pipeline/Particles/SimpleLit' not found
Refreshing native plugins compatible for Editor in 0.50 ms, found 2 plugins.
Preloading 0 native plugins for Editor in 0.00 ms.
Unloading 2771 Unused Serialized files (Serialized files now loaded: 0)
System memory in use before: 124.6 MB.
System memory in use after: 121.9 MB.

Unloading 50 unused Assets to reduce memory usage. Loaded Objects now: 3269.
Total: 3.247400 ms (FindLiveObjects: 0.232600 ms CreateObjectMapping: 0.067700 ms MarkObjects: 1.645800 ms  DeleteObjects: 1.300200 ms)

========================================================================
Received Import Request.
  Time since last request: 3521.696418 seconds.
  path: Assets/Textures/TexturesCom_SoilBeach0087_1_seamless_S.jpg
  artifactKey: Guid(3c71dd1e899a94447a700fc4f18e08b3) Importer(815301076,1909f56bfc062723c751e8b465ee728b)
Start importing Assets/Textures/TexturesCom_SoilBeach0087_1_seamless_S.jpg using Guid(3c71dd1e899a94447a700fc4f18e08b3) Importer(815301076,1909f56bfc062723c751e8b465ee728b)  -> (artifact id: 'f7d4998fe9a58858e0a2462061c2736b') in 0.115879 seconds
  Import took 0.136913 seconds .

========================================================================
Received Import Request.
  Time since last request: 16.960798 seconds.
  path: Assets/Materials/Background.mat
  artifactKey: Guid(294887ccf62623940963e5cf597f3294) Importer(815301076,1909f56bfc062723c751e8b465ee728b)
Start importing Assets/Materials/Background.mat using Guid(294887ccf62623940963e5cf597f3294) Importer(815301076,1909f56bfc062723c751e8b465ee728b)  -> (artifact id: '5a81ca1e621ce9affe43939b0ba668de') in 0.150284 seconds
  Import took 0.154691 seconds .

========================================================================
Received Import Request.
  Time since last request: 128.984224 seconds.
  path: Assets/TextMesh Pro/Sprites/EmojiOne.png
  artifactKey: Guid(dffef66376be4fa480fb02b19edbe903) Importer(815301076,1909f56bfc062723c751e8b465ee728b)
Start importing Assets/TextMesh Pro/Sprites/EmojiOne.png using Guid(dffef66376be4fa480fb02b19edbe903) Importer(815301076,1909f56bfc062723c751e8b465ee728b)  -> (artifact id: 'ffaccb439b2691f1518a7de31ad437a4') in 0.038680 seconds
  Import took 0.085152 seconds .

========================================================================
Received Import Request.
  Time since last request: 0.000190 seconds.
  path: Assets/TextMesh Pro/Resources/Fonts & Materials/LiberationSans SDF - Fallback.asset
  artifactKey: Guid(2e498d1c8094910479dc3e1b768306a4) Importer(815301076,1909f56bfc062723c751e8b465ee728b)
Start importing Assets/TextMesh Pro/Resources/Fonts & Materials/LiberationSans SDF - Fallback.asset using Guid(2e498d1c8094910479dc3e1b768306a4) Importer(815301076,1909f56bfc062723c751e8b465ee728b)  -> (artifact id: '99bc742907ac7fb12ea8add2d3c32955') in 0.064832 seconds
  Import took 0.069092 seconds .

========================================================================
Received Import Request.
  Time since last request: 0.000171 seconds.
  path: Assets/TextMesh Pro/Sprites/EmojiOne.png
  artifactKey: Guid(dffef66376be4fa480fb02b19edbe903) Importer(815301076,1909f56bfc062723c751e8b465ee728b)
Start importing Assets/TextMesh Pro/Sprites/EmojiOne.png using Guid(dffef66376be4fa480fb02b19edbe903) Importer(815301076,1909f56bfc062723c751e8b465ee728b)  -> (artifact id: 'ffaccb439b2691f1518a7de31ad437a4') in 0.015311 seconds
  Import took 0.019307 seconds .

========================================================================
Received Import Request.
  Time since last request: 0.000188 seconds.
  path: Assets/TextMesh Pro/Resources/Fonts & Materials/LiberationSans SDF - Fallback.asset
  artifactKey: Guid(2e498d1c8094910479dc3e1b768306a4) Importer(815301076,1909f56bfc062723c751e8b465ee728b)
Start importing Assets/TextMesh Pro/Resources/Fonts & Materials/LiberationSans SDF - Fallback.asset using Guid(2e498d1c8094910479dc3e1b768306a4) Importer(815301076,1909f56bfc062723c751e8b465ee728b)  -> (artifact id: '99bc742907ac7fb12ea8add2d3c32955') in 0.028819 seconds
  Import took 0.032484 seconds .

========================================================================
Received Import Request.
  Time since last request: 0.000208 seconds.
  path: Assets/TextMesh Pro/Resources/Fonts & Materials/LiberationSans SDF.asset
  artifactKey: Guid(8f586378b4e144a9851e7b34d9b748ee) Importer(815301076,1909f56bfc062723c751e8b465ee728b)
Start importing Assets/TextMesh Pro/Resources/Fonts & Materials/LiberationSans SDF.asset using Guid(8f586378b4e144a9851e7b34d9b748ee) Importer(815301076,1909f56bfc062723c751e8b465ee728b)  -> (artifact id: '1086c45db6b08dcccce6d79d94e9dad1') in 0.033342 seconds
  Import took 0.047890 seconds .

========================================================================
Received Import Request.
  Time since last request: 0.002434 seconds.
  path: Assets/TextMesh Pro/Resources/Fonts & Materials/LiberationSans SDF.asset
  artifactKey: Guid(8f586378b4e144a9851e7b34d9b748ee) Importer(815301076,1909f56bfc062723c751e8b465ee728b)
Start importing Assets/TextMesh Pro/Resources/Fonts & Materials/LiberationSans SDF.asset using Guid(8f586378b4e144a9851e7b34d9b748ee) Importer(815301076,1909f56bfc062723c751e8b465ee728b)  -> (artifact id: '1086c45db6b08dcccce6d79d94e9dad1') in 0.050139 seconds
  Import took 0.054112 seconds .

========================================================================
Received Prepare
Registering precompiled user dll's ...
Registered in 0.003544 seconds.
Begin MonoManager ReloadAssembly
Native extension for WindowsStandalone target not found
Refreshing native plugins compatible for Editor in 0.56 ms, found 2 plugins.
Preloading 0 native plugins for Editor in 0.00 ms.
Mono: successfully reloaded assembly
- Completed reload, in  1.003 seconds
Platform modules already initialized, skipping
Shader 'Universal Render Pipeline/Particles/Lit': fallback shader 'Universal Render Pipeline/Particles/SimpleLit' not found
Shader 'Universal Render Pipeline/Particles/Lit': fallback shader 'Universal Render Pipeline/Particles/SimpleLit' not found
Refreshing native plugins compatible for Editor in 0.72 ms, found 2 plugins.
Preloading 0 native plugins for Editor in 0.00 ms.
Unloading 2771 Unused Serialized files (Serialized files now loaded: 0)
System memory in use before: 130.2 MB.
System memory in use after: 127.5 MB.

Unloading 50 unused Assets to reduce memory usage. Loaded Objects now: 3355.
Total: 4.374000 ms (FindLiveObjects: 0.310700 ms CreateObjectMapping: 0.077200 ms MarkObjects: 2.505900 ms  DeleteObjects: 1.478200 ms)

========================================================================
Received Prepare
Registering precompiled user dll's ...
Registered in 0.003302 seconds.
Begin MonoManager ReloadAssembly
Native extension for WindowsStandalone target not found
Refreshing native plugins compatible for Editor in 0.51 ms, found 2 plugins.
Preloading 0 native plugins for Editor in 0.00 ms.
Mono: successfully reloaded assembly
- Completed reload, in  0.917 seconds
Platform modules already initialized, skipping
Shader 'Universal Render Pipeline/Particles/Lit': fallback shader 'Universal Render Pipeline/Particles/SimpleLit' not found
Shader 'Universal Render Pipeline/Particles/Lit': fallback shader 'Universal Render Pipeline/Particles/SimpleLit' not found
Refreshing native plugins compatible for Editor in 0.51 ms, found 2 plugins.
Preloading 0 native plugins for Editor in 0.00 ms.
Unloading 2771 Unused Serialized files (Serialized files now loaded: 0)
System memory in use before: 130.2 MB.
System memory in use after: 127.5 MB.

Unloading 50 unused Assets to reduce memory usage. Loaded Objects now: 3358.
Total: 3.455300 ms (FindLiveObjects: 0.308100 ms CreateObjectMapping: 0.064600 ms MarkObjects: 1.786200 ms  DeleteObjects: 1.294800 ms)

========================================================================
Received Import Request.
  Time since last request: 244.339084 seconds.
  path: Assets/Scenes/Level 2.unity
  artifactKey: Guid(2e34e5e2d7232dc4f94c2984d3732c01) Importer(815301076,1909f56bfc062723c751e8b465ee728b)
Start importing Assets/Scenes/Level 2.unity using Guid(2e34e5e2d7232dc4f94c2984d3732c01) Importer(815301076,1909f56bfc062723c751e8b465ee728b)  -> (artifact id: 'de216545464c9755d8c39ef891904116') in 0.041879 seconds
  Import took 0.054537 seconds .

========================================================================
Received Prepare
Registering precompiled user dll's ...
Registered in 0.003387 seconds.
Begin MonoManager ReloadAssembly
Native extension for WindowsStandalone target not found
Refreshing native plugins compatible for Editor in 0.51 ms, found 2 plugins.
Preloading 0 native plugins for Editor in 0.00 ms.
Mono: successfully reloaded assembly
- Completed reload, in  0.855 seconds
Platform modules already initialized, skipping
Shader 'Universal Render Pipeline/Particles/Lit': fallback shader 'Universal Render Pipeline/Particles/SimpleLit' not found
Shader 'Universal Render Pipeline/Particles/Lit': fallback shader 'Universal Render Pipeline/Particles/SimpleLit' not found
Refreshing native plugins compatible for Editor in 0.50 ms, found 2 plugins.
Preloading 0 native plugins for Editor in 0.00 ms.
Unloading 2771 Unused Serialized files (Serialized files now loaded: 0)
System memory in use before: 130.2 MB.
System memory in use after: 127.5 MB.

Unloading 50 unused Assets to reduce memory usage. Loaded Objects now: 3361.
Total: 3.276200 ms (FindLiveObjects: 0.239500 ms CreateObjectMapping: 0.068700 ms MarkObjects: 1.708100 ms  DeleteObjects: 1.258900 ms)

========================================================================
Received Import Request.
  Time since last request: 14.343024 seconds.
  path: Assets/Prefabs/Plane.prefab
  artifactKey: Guid(f71470341e0595045a82a667d5457044) Importer(815301076,1909f56bfc062723c751e8b465ee728b)
Start importing Assets/Prefabs/Plane.prefab using Guid(f71470341e0595045a82a667d5457044) Importer(815301076,1909f56bfc062723c751e8b465ee728b)  -> (artifact id: 'cbeca7a6e476a040166b3e2011243362') in 0.152650 seconds
  Import took 0.176618 seconds .

========================================================================
Received Import Request.
  Time since last request: 146.173139 seconds.
  path: Assets/Scenes/Level 2.unity
  artifactKey: Guid(2e34e5e2d7232dc4f94c2984d3732c01) Importer(815301076,1909f56bfc062723c751e8b465ee728b)
Start importing Assets/Scenes/Level 2.unity using Guid(2e34e5e2d7232dc4f94c2984d3732c01) Importer(815301076,1909f56bfc062723c751e8b465ee728b)  -> (artifact id: '7e82b025ce6799d5713db4a8123a42d1') in 0.002484 seconds
  Import took 0.022106 seconds .

========================================================================
Received Prepare
Registering precompiled user dll's ...
Registered in 0.003674 seconds.
Begin MonoManager ReloadAssembly
Native extension for WindowsStandalone target not found
Refreshing native plugins compatible for Editor in 0.53 ms, found 2 plugins.
Preloading 0 native plugins for Editor in 0.00 ms.
Mono: successfully reloaded assembly
- Completed reload, in  0.873 seconds
Platform modules already initialized, skipping
Shader 'Universal Render Pipeline/Particles/Lit': fallback shader 'Universal Render Pipeline/Particles/SimpleLit' not found
Shader 'Universal Render Pipeline/Particles/Lit': fallback shader 'Universal Render Pipeline/Particles/SimpleLit' not found
Refreshing native plugins compatible for Editor in 0.51 ms, found 2 plugins.
Preloading 0 native plugins for Editor in 0.00 ms.
Unloading 2771 Unused Serialized files (Serialized files now loaded: 0)
System memory in use before: 130.3 MB.
System memory in use after: 127.7 MB.

Unloading 50 unused Assets to reduce memory usage. Loaded Objects now: 3401.
Total: 4.083900 ms (FindLiveObjects: 0.377300 ms CreateObjectMapping: 0.074900 ms MarkObjects: 2.304800 ms  DeleteObjects: 1.325700 ms)

========================================================================
Received Import Request.
  Time since last request: 2418.496152 seconds.
  path: Assets/Scenes/Level 1.unity
  artifactKey: Guid(b155e6a0833548c469342959dc4e04e9) Importer(815301076,1909f56bfc062723c751e8b465ee728b)
Start importing Assets/Scenes/Level 1.unity using Guid(b155e6a0833548c469342959dc4e04e9) Importer(815301076,1909f56bfc062723c751e8b465ee728b)  -> (artifact id: '7ac0b3645d454452bb0c1f2024f61966') in 0.017122 seconds
  Import took 0.039410 seconds .

========================================================================
Received Prepare
Registering precompiled user dll's ...
Registered in 0.003414 seconds.
Begin MonoManager ReloadAssembly
Native extension for WindowsStandalone target not found
Refreshing native plugins compatible for Editor in 0.50 ms, found 2 plugins.
Preloading 0 native plugins for Editor in 0.00 ms.
Mono: successfully reloaded assembly
- Completed reload, in  0.847 seconds
Platform modules already initialized, skipping
Shader 'Universal Render Pipeline/Particles/Lit': fallback shader 'Universal Render Pipeline/Particles/SimpleLit' not found
Shader 'Universal Render Pipeline/Particles/Lit': fallback shader 'Universal Render Pipeline/Particles/SimpleLit' not found
Refreshing native plugins compatible for Editor in 0.57 ms, found 2 plugins.
Preloading 0 native plugins for Editor in 0.00 ms.
Unloading 2771 Unused Serialized files (Serialized files now loaded: 0)
System memory in use before: 130.4 MB.
System memory in use after: 127.7 MB.

Unloading 50 unused Assets to reduce memory usage. Loaded Objects now: 3404.
Total: 3.984600 ms (FindLiveObjects: 0.263600 ms CreateObjectMapping: 0.070700 ms MarkObjects: 2.340300 ms  DeleteObjects: 1.308800 ms)

========================================================================
Received Import Request.
  Time since last request: 34.062672 seconds.
  path: Assets/Materials/Background.mat
  artifactKey: Guid(294887ccf62623940963e5cf597f3294) Importer(815301076,1909f56bfc062723c751e8b465ee728b)
Start importing Assets/Materials/Background.mat using Guid(294887ccf62623940963e5cf597f3294) Importer(815301076,1909f56bfc062723c751e8b465ee728b)  -> (artifact id: '1ca56a0ca8142f3c17da42b26bc0882c') in 0.149346 seconds
  Import took 0.171032 seconds .

========================================================================
Received Import Request.
  Time since last request: 0.000162 seconds.
  path: Assets/TextMesh Pro/Fonts/LiberationSans.ttf
  artifactKey: Guid(e3265ab4bf004d28a9537516768c1c75) Importer(815301076,1909f56bfc062723c751e8b465ee728b)
Start importing Assets/TextMesh Pro/Fonts/LiberationSans.ttf using Guid(e3265ab4bf004d28a9537516768c1c75) Importer(815301076,1909f56bfc062723c751e8b465ee728b)  -> (artifact id: '82045f5ae655dff61e73f353af895e3a') in 0.106470 seconds
  Import took 0.120089 seconds .

========================================================================
Received Import Request.
  Time since last request: 0.000167 seconds.
  path: Assets/Materials/Background.mat
  artifactKey: Guid(294887ccf62623940963e5cf597f3294) Importer(815301076,1909f56bfc062723c751e8b465ee728b)
Start importing Assets/Materials/Background.mat using Guid(294887ccf62623940963e5cf597f3294) Importer(815301076,1909f56bfc062723c751e8b465ee728b)  -> (artifact id: '1ca56a0ca8142f3c17da42b26bc0882c') in 0.011187 seconds
  Import took 0.015277 seconds .

========================================================================
Received Import Request.
  Time since last request: 0.000181 seconds.
  path: Assets/TextMesh Pro/Fonts/LiberationSans.ttf
  artifactKey: Guid(e3265ab4bf004d28a9537516768c1c75) Importer(815301076,1909f56bfc062723c751e8b465ee728b)
Start importing Assets/TextMesh Pro/Fonts/LiberationSans.ttf using Guid(e3265ab4bf004d28a9537516768c1c75) Importer(815301076,1909f56bfc062723c751e8b465ee728b)  -> (artifact id: '82045f5ae655dff61e73f353af895e3a') in 0.009012 seconds
  Import took 0.012972 seconds .

========================================================================
Received Prepare
Registering precompiled user dll's ...
Registered in 0.003351 seconds.
Begin MonoManager ReloadAssembly
Native extension for WindowsStandalone target not found
Refreshing native plugins compatible for Editor in 0.50 ms, found 2 plugins.
Preloading 0 native plugins for Editor in 0.00 ms.
Mono: successfully reloaded assembly
- Completed reload, in  0.868 seconds
Platform modules already initialized, skipping
Shader 'Universal Render Pipeline/Particles/Lit': fallback shader 'Universal Render Pipeline/Particles/SimpleLit' not found
Shader 'Universal Render Pipeline/Particles/Lit': fallback shader 'Universal Render Pipeline/Particles/SimpleLit' not found
Refreshing native plugins compatible for Editor in 0.50 ms, found 2 plugins.
Preloading 0 native plugins for Editor in 0.00 ms.
Unloading 2771 Unused Serialized files (Serialized files now loaded: 0)
System memory in use before: 130.6 MB.
System memory in use after: 127.9 MB.

Unloading 50 unused Assets to reduce memory usage. Loaded Objects now: 3445.
Total: 3.483800 ms (FindLiveObjects: 0.261500 ms CreateObjectMapping: 0.070600 ms MarkObjects: 1.839100 ms  DeleteObjects: 1.311900 ms)

========================================================================
Received Import Request.
  Time since last request: 1337.865307 seconds.
  path: Assets/Scripts/Enemy.cs
  artifactKey: Guid(569655c3b157a124ea09d0ef8830efa2) Importer(815301076,1909f56bfc062723c751e8b465ee728b)
Start importing Assets/Scripts/Enemy.cs using Guid(569655c3b157a124ea09d0ef8830efa2) Importer(815301076,1909f56bfc062723c751e8b465ee728b)  -> (artifact id: '5ceebdcc71328e1cb7369d03721411c5') in 0.012108 seconds
  Import took 0.030863 seconds .

========================================================================
Received Import Request.
  Time since last request: 9.209783 seconds.
  path: Assets/Scripts/Paintable.cs
  artifactKey: Guid(365846dc78ec9314b8143a997c13b22a) Importer(815301076,1909f56bfc062723c751e8b465ee728b)
Start importing Assets/Scripts/Paintable.cs using Guid(365846dc78ec9314b8143a997c13b22a) Importer(815301076,1909f56bfc062723c751e8b465ee728b)  -> (artifact id: '88c813010fbd4d6cd1266fb5caa7e86f') in 0.004975 seconds
  Import took 0.023391 seconds .

========================================================================
Received Import Request.
  Time since last request: 2.807666 seconds.
  path: Assets/Scripts/Push.cs
  artifactKey: Guid(7ab8348eb484ca949bb35caee90527d9) Importer(815301076,1909f56bfc062723c751e8b465ee728b)
Start importing Assets/Scripts/Push.cs using Guid(7ab8348eb484ca949bb35caee90527d9) Importer(815301076,1909f56bfc062723c751e8b465ee728b)  -> (artifact id: 'b04b5ea1cabdd515bc5d65657231b32a') in 0.004909 seconds
  Import took 0.015001 seconds .

========================================================================
Received Import Request.
  Time since last request: 0.000265 seconds.
  path: Assets/Scripts/Push.cs
  artifactKey: Guid(7ab8348eb484ca949bb35caee90527d9) Importer(815301076,1909f56bfc062723c751e8b465ee728b)
Start importing Assets/Scripts/Push.cs using Guid(7ab8348eb484ca949bb35caee90527d9) Importer(815301076,1909f56bfc062723c751e8b465ee728b)  -> (artifact id: 'b04b5ea1cabdd515bc5d65657231b32a') in 0.002148 seconds
  Import took 0.005899 seconds .

========================================================================
Received Import Request.
  Time since last request: 1.420559 seconds.
  path: Assets/Scripts/StaticObstacle.cs
  artifactKey: Guid(fa2b5afc36c4a314794120ae537c4571) Importer(815301076,1909f56bfc062723c751e8b465ee728b)
Start importing Assets/Scripts/StaticObstacle.cs using Guid(fa2b5afc36c4a314794120ae537c4571) Importer(815301076,1909f56bfc062723c751e8b465ee728b)  -> (artifact id: '71f75a07261fecb970c8d0569fb68bfc') in 0.004849 seconds
  Import took 0.029059 seconds .

AssetImportWorkerClient::OnTransportError - code=2 error=End of file
